<?xml version="1.0" encoding="UTF-8"?>
<testsuites name="framworkDemo" time="37" tests="0" failures="3" errors="0">
   <testsuite name="framworkDemo" tests="0" failures="3" errors="0" time="37" timestamp="2018-05-03 19:13:19" hostname="edgar nagao - 192.168.0.12" id="Test Suites/framworkDemo">
      <properties>
         <property name="deviceName" value=""/>
         <property name="devicePlatform" value=""/>
         <property name="logFolder" value="/Users/edgarnagao/Katalon Studio/framworkDemo/Reports/framworkDemo/20180503_191316"/>
         <property name="logFiles" value="/Users/edgarnagao/Katalon Studio/framworkDemo/Reports/framworkDemo/20180503_191316/execution0.log"/>
         <property name="attachments" value="/Users/edgarnagao/Katalon Studio/framworkDemo/Reports/framworkDemo/20180503_191316/1525392814220.png, /Users/edgarnagao/Katalon Studio/framworkDemo/Reports/framworkDemo/20180503_191316/1525392825636.png, /Users/edgarnagao/Katalon Studio/framworkDemo/Reports/framworkDemo/20180503_191316/1525392836616.png"/>
         <property name="hostName" value="edgar nagao - 192.168.0.12"/>
         <property name="os" value="Mac OS X 64bit"/>
         <property name="katalonVersion" value="5.4.1.1"/>
         <property name="browser" value="Firefox 59.0"/>
         <property name="hostAddress" value="192.168.0.12"/>
         <property name="sessionId" value="5e5225cd-5ea7-f548-b0b1-e5f3b6f1fdd1"/>
         <property name="seleniumVersion" value="3.7.1"/>
         <property name="proxyInformation" value="ProxyInformation{proxyOption=NO_PROXY, proxyServerType=HTTP, password=, proxyServerAddress=, proxyServerPort=0}"/>
         <property name="platform" value="Mac OS X"/>
      </properties>
      <testcase name="Test Cases/Test/oneWayFlight" classname="Test Cases/Test/oneWayFlight" status="FAILED">
         <failure type="FAILED" message="Unable to verify text 'Use our Flight Finder to search for the lowest fare on participating airlines' is present  using regular expression (Root cause: Text 'Use our Flight Finder to search for the lowest fare on participating airlines' is not present on page  using regular expression)"/>
         <system-out><![CDATA[2018-05-03 19:13:20 - [TEST_CASE][FAILED] - Test Cases/Test/oneWayFlight: Test Cases/Test/oneWayFlight FAILED because (of) Unable to verify text 'Use our Flight Finder to search for the lowest fare on participating airlines' is present  using regular expression (Root cause: Text 'Use our Flight Finder to search for the lowest fare on participating airlines' is not present on page  using regular expression)

2018-05-03 19:13:20 - [TEST_STEP][FAILED] - callTestCase: Unable to call Test Case with id 'Test Cases/SetUp/logIn' (Root cause: Call Test Case 'Test Cases/SetUp/logIn' failed)

2018-05-03 19:13:20 - [TEST_CASE][FAILED] - Test Cases/SetUp/logIn: Test Cases/SetUp/logIn FAILED because (of) Unable to verify text 'Use our Flight Finder to search for the lowest fare on participating airlines' is present  using regular expression (Root cause: Text 'Use our Flight Finder to search for the lowest fare on participating airlines' is not present on page  using regular expression)

2018-05-03 19:13:20 - [TEST_STEP][PASSED] - openBrowser: Browser is opened with url: 'http://newtours.demoaut.com/mercuryreservation.php'

2018-05-03 19:13:26 - [MESSAGE][PASSED] - Browser is opened with url: 'http://newtours.demoaut.com/mercuryreservation.php'

2018-05-03 19:13:26 - [TEST_STEP][PASSED] - maximizeWindow: Current window maximized

2018-05-03 19:13:27 - [MESSAGE][PASSED] - Current window maximized

2018-05-03 19:13:27 - [TEST_STEP][PASSED] - waitForPageLoad: Wait for page load successfully

2018-05-03 19:13:27 - [MESSAGE][PASSED] - Wait for page load successfully

2018-05-03 19:13:27 - [TEST_STEP][PASSED] - setText: Text '1234' is set on object 'Object Repository/welcomePage/input_userName'

2018-05-03 19:13:27 - [MESSAGE][PASSED] - Text '1234' is set on object 'Object Repository/welcomePage/input_userName'

2018-05-03 19:13:27 - [TEST_STEP][PASSED] - setText: Text '1234' is set on object 'Object Repository/welcomePage/input_userPassword'

2018-05-03 19:13:27 - [MESSAGE][PASSED] - Text '1234' is set on object 'Object Repository/welcomePage/input_userPassword'

2018-05-03 19:13:27 - [TEST_STEP][PASSED] - verifyElementAttributeValue: Object 'Object Repository/welcomePage/input_userName' has attribute 'value' with value '1234'

2018-05-03 19:13:27 - [MESSAGE][PASSED] - Object 'Object Repository/welcomePage/input_userName' has attribute 'value' with value '1234'

2018-05-03 19:13:27 - [TEST_STEP][PASSED] - click: Object: 'Object Repository/welcomePage/btn_signIn' is clicked on

2018-05-03 19:13:33 - [MESSAGE][PASSED] - Object: 'Object Repository/welcomePage/btn_signIn' is clicked on

2018-05-03 19:13:33 - [TEST_STEP][PASSED] - waitForPageLoad: Wait for page load successfully

2018-05-03 19:13:33 - [MESSAGE][PASSED] - Wait for page load successfully

2018-05-03 19:13:33 - [TEST_STEP][FAILED] - verifyTextPresent: Unable to verify text 'Use our Flight Finder to search for the lowest fare on participating airlines' is present  using regular expression (Root cause: Text 'Use our Flight Finder to search for the lowest fare on participating airlines' is not present on page  using regular expression)

2018-05-03 19:13:34 - [MESSAGE][FAILED] - Text 'Use our Flight Finder to search for the lowest fare on participating airlines' is not present on page  using regular expression

2018-05-03 19:13:34 - [MESSAGE][FAILED] - Unable to verify text 'Use our Flight Finder to search for the lowest fare on participating airlines' is present  using regular expression (Root cause: Text 'Use our Flight Finder to search for the lowest fare on participating airlines' is not present on page  using regular expression)
[[ATTACHMENT|/Users/edgarnagao/Katalon Studio/framworkDemo/Reports/framworkDemo/20180503_191316/1525392814220.png]]

2018-05-03 19:13:34 - [MESSAGE][FAILED] - Unable to call Test Case with id 'Test Cases/SetUp/logIn' (Root cause: Call Test Case 'Test Cases/SetUp/logIn' failed)]]></system-out>
         <system-err><![CDATA[2018-05-03 19:13:20 - [TEST_CASE][FAILED] - Test Cases/Test/oneWayFlight: Test Cases/Test/oneWayFlight FAILED because (of) Unable to verify text 'Use our Flight Finder to search for the lowest fare on participating airlines' is present  using regular expression (Root cause: Text 'Use our Flight Finder to search for the lowest fare on participating airlines' is not present on page  using regular expression)]]></system-err>
      </testcase>
      <testcase name="Test Cases/Test/oneWayFlight" classname="Test Cases/Test/oneWayFlight" status="FAILED">
         <failure type="FAILED" message="Unable to verify text 'Use our Flight Finder to search for the lowest fare on participating airlines' is present  using regular expression (Root cause: Text 'Use our Flight Finder to search for the lowest fare on participating airlines' is not present on page  using regular expression)"/>
         <system-out><![CDATA[2018-05-03 19:13:34 - [TEST_CASE][FAILED] - Test Cases/Test/oneWayFlight: Test Cases/Test/oneWayFlight FAILED because (of) Unable to verify text 'Use our Flight Finder to search for the lowest fare on participating airlines' is present  using regular expression (Root cause: Text 'Use our Flight Finder to search for the lowest fare on participating airlines' is not present on page  using regular expression)

2018-05-03 19:13:35 - [TEST_STEP][FAILED] - callTestCase: Unable to call Test Case with id 'Test Cases/SetUp/logIn' (Root cause: Call Test Case 'Test Cases/SetUp/logIn' failed)

2018-05-03 19:13:35 - [TEST_CASE][FAILED] - Test Cases/SetUp/logIn: Test Cases/SetUp/logIn FAILED because (of) Unable to verify text 'Use our Flight Finder to search for the lowest fare on participating airlines' is present  using regular expression (Root cause: Text 'Use our Flight Finder to search for the lowest fare on participating airlines' is not present on page  using regular expression)

2018-05-03 19:13:35 - [TEST_STEP][PASSED] - openBrowser: Browser is opened with url: 'http://newtours.demoaut.com/mercuryreservation.php'

2018-05-03 19:13:35 - [MESSAGE][WARNING] - A browser is already opened. Closing browser and opening a new one

2018-05-03 19:13:38 - [MESSAGE][PASSED] - Browser is opened with url: 'http://newtours.demoaut.com/mercuryreservation.php'

2018-05-03 19:13:38 - [TEST_STEP][PASSED] - maximizeWindow: Current window maximized

2018-05-03 19:13:39 - [MESSAGE][PASSED] - Current window maximized

2018-05-03 19:13:39 - [TEST_STEP][PASSED] - waitForPageLoad: Wait for page load successfully

2018-05-03 19:13:39 - [MESSAGE][PASSED] - Wait for page load successfully

2018-05-03 19:13:39 - [TEST_STEP][PASSED] - setText: Text '1234' is set on object 'Object Repository/welcomePage/input_userName'

2018-05-03 19:13:39 - [MESSAGE][PASSED] - Text '1234' is set on object 'Object Repository/welcomePage/input_userName'

2018-05-03 19:13:39 - [TEST_STEP][PASSED] - setText: Text '1234' is set on object 'Object Repository/welcomePage/input_userPassword'

2018-05-03 19:13:39 - [MESSAGE][PASSED] - Text '1234' is set on object 'Object Repository/welcomePage/input_userPassword'

2018-05-03 19:13:39 - [TEST_STEP][PASSED] - verifyElementAttributeValue: Object 'Object Repository/welcomePage/input_userName' has attribute 'value' with value '1234'

2018-05-03 19:13:39 - [MESSAGE][PASSED] - Object 'Object Repository/welcomePage/input_userName' has attribute 'value' with value '1234'

2018-05-03 19:13:39 - [TEST_STEP][PASSED] - click: Object: 'Object Repository/welcomePage/btn_signIn' is clicked on

2018-05-03 19:13:44 - [MESSAGE][PASSED] - Object: 'Object Repository/welcomePage/btn_signIn' is clicked on

2018-05-03 19:13:44 - [TEST_STEP][PASSED] - waitForPageLoad: Wait for page load successfully

2018-05-03 19:13:44 - [MESSAGE][PASSED] - Wait for page load successfully

2018-05-03 19:13:44 - [TEST_STEP][FAILED] - verifyTextPresent: Unable to verify text 'Use our Flight Finder to search for the lowest fare on participating airlines' is present  using regular expression (Root cause: Text 'Use our Flight Finder to search for the lowest fare on participating airlines' is not present on page  using regular expression)

2018-05-03 19:13:45 - [MESSAGE][FAILED] - Text 'Use our Flight Finder to search for the lowest fare on participating airlines' is not present on page  using regular expression

2018-05-03 19:13:46 - [MESSAGE][FAILED] - Unable to verify text 'Use our Flight Finder to search for the lowest fare on participating airlines' is present  using regular expression (Root cause: Text 'Use our Flight Finder to search for the lowest fare on participating airlines' is not present on page  using regular expression)
[[ATTACHMENT|/Users/edgarnagao/Katalon Studio/framworkDemo/Reports/framworkDemo/20180503_191316/1525392825636.png]]

2018-05-03 19:13:46 - [MESSAGE][FAILED] - Unable to call Test Case with id 'Test Cases/SetUp/logIn' (Root cause: Call Test Case 'Test Cases/SetUp/logIn' failed)]]></system-out>
         <system-err><![CDATA[2018-05-03 19:13:34 - [TEST_CASE][FAILED] - Test Cases/Test/oneWayFlight: Test Cases/Test/oneWayFlight FAILED because (of) Unable to verify text 'Use our Flight Finder to search for the lowest fare on participating airlines' is present  using regular expression (Root cause: Text 'Use our Flight Finder to search for the lowest fare on participating airlines' is not present on page  using regular expression)]]></system-err>
      </testcase>
      <testcase name="Test Cases/Test/oneWayFlight" classname="Test Cases/Test/oneWayFlight" status="FAILED">
         <failure type="FAILED" message="Unable to verify text 'Use our Flight Finder to search for the lowest fare on participating airlines' is present  using regular expression (Root cause: Text 'Use our Flight Finder to search for the lowest fare on participating airlines' is not present on page  using regular expression)"/>
         <system-out><![CDATA[2018-05-03 19:13:46 - [TEST_CASE][FAILED] - Test Cases/Test/oneWayFlight: Test Cases/Test/oneWayFlight FAILED because (of) Unable to verify text 'Use our Flight Finder to search for the lowest fare on participating airlines' is present  using regular expression (Root cause: Text 'Use our Flight Finder to search for the lowest fare on participating airlines' is not present on page  using regular expression)

2018-05-03 19:13:46 - [TEST_STEP][FAILED] - callTestCase: Unable to call Test Case with id 'Test Cases/SetUp/logIn' (Root cause: Call Test Case 'Test Cases/SetUp/logIn' failed)

2018-05-03 19:13:46 - [TEST_CASE][FAILED] - Test Cases/SetUp/logIn: Test Cases/SetUp/logIn FAILED because (of) Unable to verify text 'Use our Flight Finder to search for the lowest fare on participating airlines' is present  using regular expression (Root cause: Text 'Use our Flight Finder to search for the lowest fare on participating airlines' is not present on page  using regular expression)

2018-05-03 19:13:46 - [TEST_STEP][PASSED] - openBrowser: Browser is opened with url: 'http://newtours.demoaut.com/mercuryreservation.php'

2018-05-03 19:13:46 - [MESSAGE][WARNING] - A browser is already opened. Closing browser and opening a new one

2018-05-03 19:13:49 - [MESSAGE][PASSED] - Browser is opened with url: 'http://newtours.demoaut.com/mercuryreservation.php'

2018-05-03 19:13:49 - [TEST_STEP][PASSED] - maximizeWindow: Current window maximized

2018-05-03 19:13:50 - [MESSAGE][PASSED] - Current window maximized

2018-05-03 19:13:50 - [TEST_STEP][PASSED] - waitForPageLoad: Wait for page load successfully

2018-05-03 19:13:50 - [MESSAGE][PASSED] - Wait for page load successfully

2018-05-03 19:13:50 - [TEST_STEP][PASSED] - setText: Text '1234' is set on object 'Object Repository/welcomePage/input_userName'

2018-05-03 19:13:50 - [MESSAGE][PASSED] - Text '1234' is set on object 'Object Repository/welcomePage/input_userName'

2018-05-03 19:13:50 - [TEST_STEP][PASSED] - setText: Text '1234' is set on object 'Object Repository/welcomePage/input_userPassword'

2018-05-03 19:13:50 - [MESSAGE][PASSED] - Text '1234' is set on object 'Object Repository/welcomePage/input_userPassword'

2018-05-03 19:13:50 - [TEST_STEP][PASSED] - verifyElementAttributeValue: Object 'Object Repository/welcomePage/input_userName' has attribute 'value' with value '1234'

2018-05-03 19:13:50 - [MESSAGE][PASSED] - Object 'Object Repository/welcomePage/input_userName' has attribute 'value' with value '1234'

2018-05-03 19:13:50 - [TEST_STEP][PASSED] - click: Object: 'Object Repository/welcomePage/btn_signIn' is clicked on

2018-05-03 19:13:55 - [MESSAGE][PASSED] - Object: 'Object Repository/welcomePage/btn_signIn' is clicked on

2018-05-03 19:13:55 - [TEST_STEP][PASSED] - waitForPageLoad: Wait for page load successfully

2018-05-03 19:13:55 - [MESSAGE][PASSED] - Wait for page load successfully

2018-05-03 19:13:55 - [TEST_STEP][FAILED] - verifyTextPresent: Unable to verify text 'Use our Flight Finder to search for the lowest fare on participating airlines' is present  using regular expression (Root cause: Text 'Use our Flight Finder to search for the lowest fare on participating airlines' is not present on page  using regular expression)

2018-05-03 19:13:56 - [MESSAGE][FAILED] - Text 'Use our Flight Finder to search for the lowest fare on participating airlines' is not present on page  using regular expression

2018-05-03 19:13:57 - [MESSAGE][FAILED] - Unable to verify text 'Use our Flight Finder to search for the lowest fare on participating airlines' is present  using regular expression (Root cause: Text 'Use our Flight Finder to search for the lowest fare on participating airlines' is not present on page  using regular expression)
[[ATTACHMENT|/Users/edgarnagao/Katalon Studio/framworkDemo/Reports/framworkDemo/20180503_191316/1525392836616.png]]

2018-05-03 19:13:57 - [MESSAGE][FAILED] - Unable to call Test Case with id 'Test Cases/SetUp/logIn' (Root cause: Call Test Case 'Test Cases/SetUp/logIn' failed)]]></system-out>
         <system-err><![CDATA[2018-05-03 19:13:46 - [TEST_CASE][FAILED] - Test Cases/Test/oneWayFlight: Test Cases/Test/oneWayFlight FAILED because (of) Unable to verify text 'Use our Flight Finder to search for the lowest fare on participating airlines' is present  using regular expression (Root cause: Text 'Use our Flight Finder to search for the lowest fare on participating airlines' is not present on page  using regular expression)]]></system-err>
      </testcase>
      <system-out><![CDATA[2018-05-03 19:13:19 - [TEST_SUITE][FAILED] - framworkDemo: Test Cases/Test/oneWayFlight FAILED because (of) Unable to verify text 'Use our Flight Finder to search for the lowest fare on participating airlines' is present  using regular expression (Root cause: Text 'Use our Flight Finder to search for the lowest fare on participating airlines' is not present on page  using regular expression)]]></system-out>
      <system-err><![CDATA[2018-05-03 19:13:19 - [TEST_SUITE][FAILED] - framworkDemo: Test Cases/Test/oneWayFlight FAILED because (of) Unable to verify text 'Use our Flight Finder to search for the lowest fare on participating airlines' is present  using regular expression (Root cause: Text 'Use our Flight Finder to search for the lowest fare on participating airlines' is not present on page  using regular expression)]]></system-err>
   </testsuite>
</testsuites>
