<?xml version="1.0" encoding="UTF-8"?>
<testsuites name="framworkDemo" time="11" tests="0" failures="0" errors="1">
   <testsuite name="framworkDemo" tests="0" failures="0" errors="1" time="11" timestamp="2018-05-03 18:50:33" hostname="edgar nagao - 192.168.0.12" id="Test Suites/framworkDemo">
      <properties>
         <property name="deviceName" value=""/>
         <property name="devicePlatform" value=""/>
         <property name="logFolder" value="/Users/edgarnagao/Katalon Studio/framworkDemo/Reports/framworkDemo/20180503_185031"/>
         <property name="logFiles" value="/Users/edgarnagao/Katalon Studio/framworkDemo/Reports/framworkDemo/20180503_185031/execution0.log"/>
         <property name="attachments" value=""/>
         <property name="hostName" value="edgar nagao - 192.168.0.12"/>
         <property name="os" value="Mac OS X 64bit"/>
         <property name="katalonVersion" value="5.4.1.1"/>
         <property name="browser" value="Chrome 66.0.3359.139"/>
         <property name="hostAddress" value="192.168.0.12"/>
         <property name="sessionId" value="b2d5b2c3f18d8353a2a630d972afcaa4"/>
         <property name="seleniumVersion" value="3.7.1"/>
         <property name="proxyInformation" value="ProxyInformation{proxyOption=NO_PROXY, proxyServerType=HTTP, password=, proxyServerAddress=, proxyServerPort=0}"/>
         <property name="platform" value="Mac OS X"/>
      </properties>
      <testcase name="Test Cases/Test/oneWayFlight" classname="Test Cases/Test/oneWayFlight" status="ERROR">
         <error type="ERROR" message="Test Cases/Test/oneWayFlight FAILED because (of) groovy.lang.MissingMethodException: No signature of method: static com.kms.katalon.core.webui.keyword.WebUiBuiltInKeywords.selectOptionByValue() is applicable for argument types: (com.kms.katalon.core.testobject.TestObject, com.kms.katalon.core.testdata.reader.SheetPOI, java.lang.Boolean) values: [TestObject - 'Object Repository/findFlightPage/select_DepartingForm', ...]
Possible solutions: selectOptionByValue(com.kms.katalon.core.testobject.TestObject, java.lang.String, boolean), selectOptionByValue(com.kms.katalon.core.testobject.TestObject, java.lang.String, boolean, com.kms.katalon.core.model.FailureHandling), deselectOptionByValue(com.kms.katalon.core.testobject.TestObject, java.lang.String, boolean), deselectOptionByValue(com.kms.katalon.core.testobject.TestObject, java.lang.String, boolean, com.kms.katalon.core.model.FailureHandling), selectOptionByLabel(com.kms.katalon.core.testobject.TestObject, java.lang.String, boolean)"/>
         <system-out><![CDATA[2018-05-03 18:50:33 - [TEST_CASE][ERROR] - Test Cases/Test/oneWayFlight: Test Cases/Test/oneWayFlight FAILED because (of) groovy.lang.MissingMethodException: No signature of method: static com.kms.katalon.core.webui.keyword.WebUiBuiltInKeywords.selectOptionByValue() is applicable for argument types: (com.kms.katalon.core.testobject.TestObject, com.kms.katalon.core.testdata.reader.SheetPOI, java.lang.Boolean) values: [TestObject - 'Object Repository/findFlightPage/select_DepartingForm', ...]
Possible solutions: selectOptionByValue(com.kms.katalon.core.testobject.TestObject, java.lang.String, boolean), selectOptionByValue(com.kms.katalon.core.testobject.TestObject, java.lang.String, boolean, com.kms.katalon.core.model.FailureHandling), deselectOptionByValue(com.kms.katalon.core.testobject.TestObject, java.lang.String, boolean), deselectOptionByValue(com.kms.katalon.core.testobject.TestObject, java.lang.String, boolean, com.kms.katalon.core.model.FailureHandling), selectOptionByLabel(com.kms.katalon.core.testobject.TestObject, java.lang.String, boolean)

2018-05-03 18:50:35 - [TEST_STEP][PASSED] - callTestCase: Call Test Case 'Test Cases/SetUp/logIn' successfully

2018-05-03 18:50:35 - [TEST_CASE][PASSED] - Test Cases/SetUp/logIn: Test Cases/SetUp/logIn

2018-05-03 18:50:35 - [TEST_STEP][PASSED] - openBrowser: Browser is opened with url: 'http://newtours.demoaut.com/mercuryreservation.php'

2018-05-03 18:50:39 - [MESSAGE][PASSED] - Browser is opened with url: 'http://newtours.demoaut.com/mercuryreservation.php'

2018-05-03 18:50:39 - [TEST_STEP][PASSED] - maximizeWindow: Current window maximized

2018-05-03 18:50:40 - [MESSAGE][PASSED] - Current window maximized

2018-05-03 18:50:40 - [TEST_STEP][PASSED] - waitForPageLoad: Wait for page load successfully

2018-05-03 18:50:40 - [MESSAGE][PASSED] - Wait for page load successfully

2018-05-03 18:50:40 - [TEST_STEP][PASSED] - setText: Text '1234' is set on object 'Object Repository/welcomePage/input_userName'

2018-05-03 18:50:40 - [MESSAGE][PASSED] - Text '1234' is set on object 'Object Repository/welcomePage/input_userName'

2018-05-03 18:50:40 - [TEST_STEP][PASSED] - setText: Text '1234' is set on object 'Object Repository/welcomePage/input_userPassword'

2018-05-03 18:50:40 - [MESSAGE][PASSED] - Text '1234' is set on object 'Object Repository/welcomePage/input_userPassword'

2018-05-03 18:50:40 - [TEST_STEP][PASSED] - verifyElementAttributeValue: Object 'Object Repository/welcomePage/input_userName' has attribute 'value' with value '1234'

2018-05-03 18:50:40 - [MESSAGE][PASSED] - Object 'Object Repository/welcomePage/input_userName' has attribute 'value' with value '1234'

2018-05-03 18:50:40 - [TEST_STEP][PASSED] - click: Object: 'Object Repository/welcomePage/btn_signIn' is clicked on

2018-05-03 18:50:43 - [MESSAGE][PASSED] - Object: 'Object Repository/welcomePage/btn_signIn' is clicked on

2018-05-03 18:50:43 - [TEST_STEP][PASSED] - waitForPageLoad: Wait for page load successfully

2018-05-03 18:50:43 - [MESSAGE][PASSED] - Wait for page load successfully

2018-05-03 18:50:43 - [TEST_STEP][PASSED] - verifyTextPresent: Text 'Use our Flight Finder to search for the lowest fare on participating airlines' is present on page  using regular expression

2018-05-03 18:50:43 - [MESSAGE][PASSED] - Text 'Use our Flight Finder to search for the lowest fare on participating airlines' is present on page  using regular expression

2018-05-03 18:50:43 - [MESSAGE][PASSED] - Call Test Case 'Test Cases/SetUp/logIn' successfully

2018-05-03 18:50:43 - [TEST_STEP][PASSED] - click: Object: 'Object Repository/findFlightPage/input_RoundTrip' is clicked on

2018-05-03 18:50:43 - [MESSAGE][PASSED] - Object: 'Object Repository/findFlightPage/input_RoundTrip' is clicked on

2018-05-03 18:50:43 - [TEST_STEP][PASSED] - selectOptionByValue: All options with value '4' are selected in object 'Object Repository/findFlightPage/dropdown_Passengers'  using regular expression

2018-05-03 18:50:44 - [MESSAGE][PASSED] - All options with value '4' are selected in object 'Object Repository/findFlightPage/dropdown_Passengers'  using regular expression

2018-05-03 18:50:44 - [TEST_STEP][PASSED] - selectOptionByValue: Finding Test Object with id 'Object Repository/findFlightPage/select_DepartingForm']]></system-out>
         <system-err><![CDATA[2018-05-03 18:50:33 - [TEST_CASE][ERROR] - Test Cases/Test/oneWayFlight: Test Cases/Test/oneWayFlight FAILED because (of) groovy.lang.MissingMethodException: No signature of method: static com.kms.katalon.core.webui.keyword.WebUiBuiltInKeywords.selectOptionByValue() is applicable for argument types: (com.kms.katalon.core.testobject.TestObject, com.kms.katalon.core.testdata.reader.SheetPOI, java.lang.Boolean) values: [TestObject - 'Object Repository/findFlightPage/select_DepartingForm', ...]
Possible solutions: selectOptionByValue(com.kms.katalon.core.testobject.TestObject, java.lang.String, boolean), selectOptionByValue(com.kms.katalon.core.testobject.TestObject, java.lang.String, boolean, com.kms.katalon.core.model.FailureHandling), deselectOptionByValue(com.kms.katalon.core.testobject.TestObject, java.lang.String, boolean), deselectOptionByValue(com.kms.katalon.core.testobject.TestObject, java.lang.String, boolean, com.kms.katalon.core.model.FailureHandling), selectOptionByLabel(com.kms.katalon.core.testobject.TestObject, java.lang.String, boolean)]]></system-err>
      </testcase>
      <system-out><![CDATA[2018-05-03 18:50:33 - [TEST_SUITE][ERROR] - framworkDemo: Test Cases/Test/oneWayFlight FAILED because (of) groovy.lang.MissingMethodException: No signature of method: static com.kms.katalon.core.webui.keyword.WebUiBuiltInKeywords.selectOptionByValue() is applicable for argument types: (com.kms.katalon.core.testobject.TestObject, com.kms.katalon.core.testdata.reader.SheetPOI, java.lang.Boolean) values: [TestObject - 'Object Repository/findFlightPage/select_DepartingForm', ...]
Possible solutions: selectOptionByValue(com.kms.katalon.core.testobject.TestObject, java.lang.String, boolean), selectOptionByValue(com.kms.katalon.core.testobject.TestObject, java.lang.String, boolean, com.kms.katalon.core.model.FailureHandling), deselectOptionByValue(com.kms.katalon.core.testobject.TestObject, java.lang.String, boolean), deselectOptionByValue(com.kms.katalon.core.testobject.TestObject, java.lang.String, boolean, com.kms.katalon.core.model.FailureHandling), selectOptionByLabel(com.kms.katalon.core.testobject.TestObject, java.lang.String, boolean)]]></system-out>
      <system-err><![CDATA[2018-05-03 18:50:33 - [TEST_SUITE][ERROR] - framworkDemo: Test Cases/Test/oneWayFlight FAILED because (of) groovy.lang.MissingMethodException: No signature of method: static com.kms.katalon.core.webui.keyword.WebUiBuiltInKeywords.selectOptionByValue() is applicable for argument types: (com.kms.katalon.core.testobject.TestObject, com.kms.katalon.core.testdata.reader.SheetPOI, java.lang.Boolean) values: [TestObject - 'Object Repository/findFlightPage/select_DepartingForm', ...]
Possible solutions: selectOptionByValue(com.kms.katalon.core.testobject.TestObject, java.lang.String, boolean), selectOptionByValue(com.kms.katalon.core.testobject.TestObject, java.lang.String, boolean, com.kms.katalon.core.model.FailureHandling), deselectOptionByValue(com.kms.katalon.core.testobject.TestObject, java.lang.String, boolean), deselectOptionByValue(com.kms.katalon.core.testobject.TestObject, java.lang.String, boolean, com.kms.katalon.core.model.FailureHandling), selectOptionByLabel(com.kms.katalon.core.testobject.TestObject, java.lang.String, boolean)]]></system-err>
   </testsuite>
</testsuites>
