<?xml version="1.0" encoding="UTF-8"?>
<testsuites name="framworkDemo" time="10" tests="0" failures="0" errors="1">
   <testsuite name="framworkDemo" tests="0" failures="0" errors="1" time="10" timestamp="2018-05-03 19:03:33" hostname="edgar nagao - 192.168.0.12" id="Test Suites/framworkDemo">
      <properties>
         <property name="deviceName" value=""/>
         <property name="devicePlatform" value=""/>
         <property name="logFolder" value="/Users/edgarnagao/Katalon Studio/framworkDemo/Reports/framworkDemo/20180503_190331"/>
         <property name="logFiles" value="/Users/edgarnagao/Katalon Studio/framworkDemo/Reports/framworkDemo/20180503_190331/execution0.log"/>
         <property name="attachments" value=""/>
         <property name="hostName" value="edgar nagao - 192.168.0.12"/>
         <property name="os" value="Mac OS X 64bit"/>
         <property name="katalonVersion" value="5.4.1.1"/>
         <property name="browser" value="Chrome 66.0.3359.139"/>
         <property name="hostAddress" value="192.168.0.12"/>
         <property name="sessionId" value="b513df029670ac1941d2ea812320adc4"/>
         <property name="seleniumVersion" value="3.7.1"/>
         <property name="proxyInformation" value="ProxyInformation{proxyOption=NO_PROXY, proxyServerType=HTTP, password=, proxyServerAddress=, proxyServerPort=0}"/>
         <property name="platform" value="Mac OS X"/>
      </properties>
      <testcase name="Test Cases/Test/oneWayFlight" classname="Test Cases/Test/oneWayFlight" status="ERROR">
         <error type="ERROR" message="Test Cases/Test/oneWayFlight FAILED because (of) Variable 'flightFrom' is not defined for test case."/>
         <system-out><![CDATA[2018-05-03 19:03:33 - [TEST_CASE][ERROR] - Test Cases/Test/oneWayFlight: Test Cases/Test/oneWayFlight FAILED because (of) Variable 'flightFrom' is not defined for test case.

2018-05-03 19:03:35 - [TEST_STEP][PASSED] - callTestCase: Call Test Case 'Test Cases/SetUp/logIn' successfully

2018-05-03 19:03:35 - [TEST_CASE][PASSED] - Test Cases/SetUp/logIn: Test Cases/SetUp/logIn

2018-05-03 19:03:35 - [TEST_STEP][PASSED] - openBrowser: Browser is opened with url: 'http://newtours.demoaut.com/mercuryreservation.php'

2018-05-03 19:03:38 - [MESSAGE][PASSED] - Browser is opened with url: 'http://newtours.demoaut.com/mercuryreservation.php'

2018-05-03 19:03:38 - [TEST_STEP][PASSED] - maximizeWindow: Current window maximized

2018-05-03 19:03:39 - [MESSAGE][PASSED] - Current window maximized

2018-05-03 19:03:39 - [TEST_STEP][PASSED] - waitForPageLoad: Wait for page load successfully

2018-05-03 19:03:39 - [MESSAGE][PASSED] - Wait for page load successfully

2018-05-03 19:03:39 - [TEST_STEP][PASSED] - setText: Text '1234' is set on object 'Object Repository/welcomePage/input_userName'

2018-05-03 19:03:39 - [MESSAGE][PASSED] - Text '1234' is set on object 'Object Repository/welcomePage/input_userName'

2018-05-03 19:03:39 - [TEST_STEP][PASSED] - setText: Text '1234' is set on object 'Object Repository/welcomePage/input_userPassword'

2018-05-03 19:03:39 - [MESSAGE][PASSED] - Text '1234' is set on object 'Object Repository/welcomePage/input_userPassword'

2018-05-03 19:03:39 - [TEST_STEP][PASSED] - verifyElementAttributeValue: Object 'Object Repository/welcomePage/input_userName' has attribute 'value' with value '1234'

2018-05-03 19:03:39 - [MESSAGE][PASSED] - Object 'Object Repository/welcomePage/input_userName' has attribute 'value' with value '1234'

2018-05-03 19:03:39 - [TEST_STEP][PASSED] - click: Object: 'Object Repository/welcomePage/btn_signIn' is clicked on

2018-05-03 19:03:42 - [MESSAGE][PASSED] - Object: 'Object Repository/welcomePage/btn_signIn' is clicked on

2018-05-03 19:03:42 - [TEST_STEP][PASSED] - waitForPageLoad: Wait for page load successfully

2018-05-03 19:03:42 - [MESSAGE][PASSED] - Wait for page load successfully

2018-05-03 19:03:42 - [TEST_STEP][PASSED] - verifyTextPresent: Text 'Use our Flight Finder to search for the lowest fare on participating airlines' is present on page  using regular expression

2018-05-03 19:03:43 - [MESSAGE][PASSED] - Text 'Use our Flight Finder to search for the lowest fare on participating airlines' is present on page  using regular expression

2018-05-03 19:03:43 - [MESSAGE][PASSED] - Call Test Case 'Test Cases/SetUp/logIn' successfully

2018-05-03 19:03:43 - [TEST_STEP][PASSED] - click: Object: 'Object Repository/findFlightPage/input_RoundTrip' is clicked on

2018-05-03 19:03:43 - [MESSAGE][PASSED] - Object: 'Object Repository/findFlightPage/input_RoundTrip' is clicked on

2018-05-03 19:03:43 - [TEST_STEP][PASSED] - selectOptionByValue: All options with value '4' are selected in object 'Object Repository/findFlightPage/dropdown_Passengers'  using regular expression

2018-05-03 19:03:43 - [MESSAGE][PASSED] - All options with value '4' are selected in object 'Object Repository/findFlightPage/dropdown_Passengers'  using regular expression

2018-05-03 19:03:43 - [TEST_STEP][PASSED] - selectOptionByValue: Finding Test Object with id 'Object Repository/findFlightPage/select_DepartingForm']]></system-out>
         <system-err><![CDATA[2018-05-03 19:03:33 - [TEST_CASE][ERROR] - Test Cases/Test/oneWayFlight: Test Cases/Test/oneWayFlight FAILED because (of) Variable 'flightFrom' is not defined for test case.]]></system-err>
      </testcase>
      <system-out><![CDATA[2018-05-03 19:03:33 - [TEST_SUITE][ERROR] - framworkDemo: Test Cases/Test/oneWayFlight FAILED because (of) Variable 'flightFrom' is not defined for test case.]]></system-out>
      <system-err><![CDATA[2018-05-03 19:03:33 - [TEST_SUITE][ERROR] - framworkDemo: Test Cases/Test/oneWayFlight FAILED because (of) Variable 'flightFrom' is not defined for test case.]]></system-err>
   </testsuite>
</testsuites>
